==============================================================================
Tests                                                                         
==============================================================================
Tests.Examples                                                                
==============================================================================
Tests.Examples.Elements                                                       
==============================================================================
Tests.Examples.Elements.clickIt :: Verify element exist and click on it       
==============================================================================
Verify Element Exist And Click On It                                  | PASS |
------------------------------------------------------------------------------
Tests.Examples.Elements.clickIt :: Verify element exist and click ... | PASS |
1 test, 1 passed, 0 failed
==============================================================================
Tests.Examples.Elements                                               | PASS |
1 test, 1 passed, 0 failed
==============================================================================
Tests.Examples                                                        | PASS |
1 test, 1 passed, 0 failed
==============================================================================
Tests                                                                 | PASS |
1 test, 1 passed, 0 failed
==============================================================================
Output:  C:\Users\test657\RobotFramework\pythonProject\report\2024-04-04_154304\pabot_results\1\output.xml
