==============================================================================
Tests                                                                         
==============================================================================
Tests.Examples                                                                
==============================================================================
Tests.Examples.Elements                                                       
==============================================================================
Tests.Examples.Elements.Element :: Verify that an element exists and it is ...
==============================================================================
Verify Element Exist And It Is Only One In the DOM Three              | PASS |
------------------------------------------------------------------------------
Tests.Examples.Elements.Element :: Verify that an element exists a... | PASS |
1 test, 1 passed, 0 failed
==============================================================================
Tests.Examples.Elements                                               | PASS |
1 test, 1 passed, 0 failed
==============================================================================
Tests.Examples                                                        | PASS |
1 test, 1 passed, 0 failed
==============================================================================
Tests                                                                 | PASS |
1 test, 1 passed, 0 failed
==============================================================================
Output:  C:\Users\test657\RobotFramework\pythonProject\report\2024-04-04_154304\pabot_results\0\output.xml
